[2015-11-13 09:18:45.752] [ERROR] logErr - SyntaxError: Unexpected end of input
    at Object.parse (native)
    at e:\WebstormProjects\untitled\机会情报.js:23:35
    at IncomingMessage.<anonymous> (e:\WebstormProjects\untitled\curl.js:35:13)
    at emitNone (events.js:72:20)
    at IncomingMessage.emit (events.js:166:7)
    at endReadableNT (_stream_readable.js:903:12)
    at doNTCallback2 (node.js:439:9)
    at process._tickCallback (node.js:353:17)
[2015-11-13 09:28:57.112] [ERROR] logErr - SyntaxError: Unexpected end of input
    at Object.parse (native)
    at e:\WebstormProjects\untitled\机会情报.js:21:35
    at IncomingMessage.<anonymous> (e:\WebstormProjects\untitled\curl.js:35:13)
    at emitNone (events.js:72:20)
    at IncomingMessage.emit (events.js:166:7)
    at endReadableNT (_stream_readable.js:903:12)
    at doNTCallback2 (node.js:439:9)
    at process._tickCallback (node.js:353:17)
[2015-11-13 09:29:01.074] [ERROR] logErr - SyntaxError: Unexpected end of input
    at Object.parse (native)
    at e:\WebstormProjects\untitled\机会情报.js:21:35
    at IncomingMessage.<anonymous> (e:\WebstormProjects\untitled\curl.js:35:13)
    at emitNone (events.js:72:20)
    at IncomingMessage.emit (events.js:166:7)
    at endReadableNT (_stream_readable.js:903:12)
    at doNTCallback2 (node.js:439:9)
    at process._tickCallback (node.js:353:17)
[2015-11-13 09:29:30.679] [ERROR] logErr - SyntaxError: Unexpected end of input
    at Object.parse (native)
    at e:\WebstormProjects\untitled\机会情报.js:21:35
    at IncomingMessage.<anonymous> (e:\WebstormProjects\untitled\curl.js:35:13)
    at emitNone (events.js:72:20)
    at IncomingMessage.emit (events.js:166:7)
    at endReadableNT (_stream_readable.js:903:12)
    at doNTCallback2 (node.js:439:9)
    at process._tickCallback (node.js:353:17)
[2015-11-13 09:29:35.650] [ERROR] logErr - SyntaxError: Unexpected end of input
    at Object.parse (native)
    at e:\WebstormProjects\untitled\机会情报.js:21:35
    at IncomingMessage.<anonymous> (e:\WebstormProjects\untitled\curl.js:35:13)
    at emitNone (events.js:72:20)
    at IncomingMessage.emit (events.js:166:7)
    at endReadableNT (_stream_readable.js:903:12)
    at doNTCallback2 (node.js:439:9)
    at process._tickCallback (node.js:353:17)
[2015-11-13 09:33:31.000] [ERROR] logErr - SyntaxError: Unexpected end of input
    at Object.parse (native)
    at e:\WebstormProjects\untitled\机会情报.js:21:35
    at IncomingMessage.<anonymous> (e:\WebstormProjects\untitled\curl.js:35:13)
    at emitNone (events.js:72:20)
    at IncomingMessage.emit (events.js:166:7)
    at endReadableNT (_stream_readable.js:903:12)
    at doNTCallback2 (node.js:439:9)
    at process._tickCallback (node.js:353:17)
[2015-11-13 09:33:35.969] [ERROR] logErr - SyntaxError: Unexpected end of input
    at Object.parse (native)
    at e:\WebstormProjects\untitled\机会情报.js:21:35
    at IncomingMessage.<anonymous> (e:\WebstormProjects\untitled\curl.js:35:13)
    at emitNone (events.js:72:20)
    at IncomingMessage.emit (events.js:166:7)
    at endReadableNT (_stream_readable.js:903:12)
    at doNTCallback2 (node.js:439:9)
    at process._tickCallback (node.js:353:17)
