[2015-11-17 13:45:10.927] [ERROR] logErr - SyntaxError: Unexpected token s
    at Object.parse (native)
    at e:\WebstormProjects\untitled\_zhulikongpan.js:22:35
    at IncomingMessage.<anonymous> (e:\WebstormProjects\untitled\curl.js:18:13)
    at emitNone (events.js:72:20)
    at IncomingMessage.emit (events.js:166:7)
    at endReadableNT (_stream_readable.js:903:12)
    at doNTCallback2 (node.js:439:9)
    at process._tickCallback (node.js:353:17)
[2015-11-17 13:45:15.884] [ERROR] logErr - SyntaxError: Unexpected token s
    at Object.parse (native)
    at e:\WebstormProjects\untitled\_zhulikongpan.js:22:35
    at IncomingMessage.<anonymous> (e:\WebstormProjects\untitled\curl.js:18:13)
    at emitNone (events.js:72:20)
    at IncomingMessage.emit (events.js:166:7)
    at endReadableNT (_stream_readable.js:903:12)
    at doNTCallback2 (node.js:439:9)
    at process._tickCallback (node.js:353:17)
[2015-11-17 13:45:41.202] [ERROR] logErr - SyntaxError: Unexpected token s
    at Object.parse (native)
    at e:\WebstormProjects\untitled\_zhulikongpan.js:22:35
    at IncomingMessage.<anonymous> (e:\WebstormProjects\untitled\curl.js:18:13)
    at emitNone (events.js:72:20)
    at IncomingMessage.emit (events.js:166:7)
    at endReadableNT (_stream_readable.js:903:12)
    at doNTCallback2 (node.js:439:9)
    at process._tickCallback (node.js:353:17)
[2015-11-17 13:46:10.745] [ERROR] logErr - SyntaxError: Unexpected token s
    at Object.parse (native)
    at e:\WebstormProjects\untitled\_zhulikongpan.js:23:35
    at IncomingMessage.<anonymous> (e:\WebstormProjects\untitled\curl.js:18:13)
    at emitNone (events.js:72:20)
    at IncomingMessage.emit (events.js:166:7)
    at endReadableNT (_stream_readable.js:903:12)
    at doNTCallback2 (node.js:439:9)
    at process._tickCallback (node.js:353:17)
[2015-11-17 13:47:10.960] [ERROR] logErr - SyntaxError: Unexpected token N
    at Object.parse (native)
    at e:\WebstormProjects\untitled\_zhulikongpan.js:24:35
    at IncomingMessage.<anonymous> (e:\WebstormProjects\untitled\curl.js:18:13)
    at emitNone (events.js:72:20)
    at IncomingMessage.emit (events.js:166:7)
    at endReadableNT (_stream_readable.js:903:12)
    at doNTCallback2 (node.js:439:9)
    at process._tickCallback (node.js:353:17)
[2015-11-17 13:47:15.891] [ERROR] logErr - SyntaxError: Unexpected token N
    at Object.parse (native)
    at e:\WebstormProjects\untitled\_zhulikongpan.js:24:35
    at IncomingMessage.<anonymous> (e:\WebstormProjects\untitled\curl.js:18:13)
    at emitNone (events.js:72:20)
    at IncomingMessage.emit (events.js:166:7)
    at endReadableNT (_stream_readable.js:903:12)
    at doNTCallback2 (node.js:439:9)
    at process._tickCallback (node.js:353:17)
[2015-11-17 13:47:30.697] [ERROR] logErr - SyntaxError: Unexpected token N
    at Object.parse (native)
    at e:\WebstormProjects\untitled\_zhulikongpan.js:24:35
    at IncomingMessage.<anonymous> (e:\WebstormProjects\untitled\curl.js:18:13)
    at emitNone (events.js:72:20)
    at IncomingMessage.emit (events.js:166:7)
    at endReadableNT (_stream_readable.js:903:12)
    at doNTCallback2 (node.js:439:9)
    at process._tickCallback (node.js:353:17)
[2015-11-17 13:49:56.209] [ERROR] logErr - SyntaxError: Unexpected token N
    at Object.parse (native)
    at e:\WebstormProjects\untitled\_zhulikongpan.js:24:35
    at IncomingMessage.<anonymous> (e:\WebstormProjects\untitled\curl.js:18:13)
    at emitNone (events.js:72:20)
    at IncomingMessage.emit (events.js:166:7)
    at endReadableNT (_stream_readable.js:903:12)
    at doNTCallback2 (node.js:439:9)
    at process._tickCallback (node.js:353:17)
[2015-11-17 13:50:01.157] [ERROR] logErr - SyntaxError: Unexpected token N
    at Object.parse (native)
    at e:\WebstormProjects\untitled\_zhulikongpan.js:24:35
    at IncomingMessage.<anonymous> (e:\WebstormProjects\untitled\curl.js:18:13)
    at emitNone (events.js:72:20)
    at IncomingMessage.emit (events.js:166:7)
    at endReadableNT (_stream_readable.js:903:12)
    at doNTCallback2 (node.js:439:9)
    at process._tickCallback (node.js:353:17)
