fs.js:549
  return binding.open(pathModule._makeLong(path), stringToFlags(flags), mode);
                                                  ^

Error: ENOENT: no such file or directory, open 'C:\Windows\system32\log4js.json'
    at Error (native)
    at Object.fs.openSync (fs.js:549:18)
    at Object.fs.readFileSync (fs.js:397:15)
    at Object.<anonymous> (E:\WebstormProjects\untitled\logHelper.js:9:31)
    at Module._compile (module.js:435:26)
    at Object.Module._extensions..js (module.js:442:10)
    at Module.load (module.js:356:32)
    at Function.Module._load (module.js:311:12)
    at Module.require (module.js:366:17)
    at require (module.js:385:17)
fs.js:549
  return binding.open(pathModule._makeLong(path), stringToFlags(flags), mode);
                                                  ^

Error: ENOENT: no such file or directory, open 'C:\Windows\system32\log4js.json'
    at Error (native)
    at Object.fs.openSync (fs.js:549:18)
    at Object.fs.readFileSync (fs.js:397:15)
    at Object.<anonymous> (E:\WebstormProjects\untitled\logHelper.js:9:31)
    at Module._compile (module.js:435:26)
    at Object.Module._extensions..js (module.js:442:10)
    at Module.load (module.js:356:32)
    at Function.Module._load (module.js:311:12)
    at Module.require (module.js:366:17)
    at require (module.js:385:17)
fs.js:549
  return binding.open(pathModule._makeLong(path), stringToFlags(flags), mode);
                                                  ^

Error: ENOENT: no such file or directory, open 'C:\Windows\system32\log4js.json'
    at Error (native)
    at Object.fs.openSync (fs.js:549:18)
    at Object.fs.readFileSync (fs.js:397:15)
    at Object.<anonymous> (E:\WebstormProjects\untitled\logHelper.js:9:31)
    at Module._compile (module.js:435:26)
    at Object.Module._extensions..js (module.js:442:10)
    at Module.load (module.js:356:32)
    at Function.Module._load (module.js:311:12)
    at Module.require (module.js:366:17)
    at require (module.js:385:17)
fs.js:549
  return binding.open(pathModule._makeLong(path), stringToFlags(flags), mode);
                                                  ^

Error: ENOENT: no such file or directory, open 'C:\Windows\system32\log4js.json'
    at Error (native)
    at Object.fs.openSync (fs.js:549:18)
    at Object.fs.readFileSync (fs.js:397:15)
    at Object.<anonymous> (E:\WebstormProjects\untitled\logHelper.js:9:31)
    at Module._compile (module.js:435:26)
    at Object.Module._extensions..js (module.js:442:10)
    at Module.load (module.js:356:32)
    at Function.Module._load (module.js:311:12)
    at Module.require (module.js:366:17)
    at require (module.js:385:17)
fs.js:549
  return binding.open(pathModule._makeLong(path), stringToFlags(flags), mode);
                                                  ^

Error: ENOENT: no such file or directory, open 'C:\Windows\system32\log4js.json'
    at Error (native)
    at Object.fs.openSync (fs.js:549:18)
    at Object.fs.readFileSync (fs.js:397:15)
    at Object.<anonymous> (E:\WebstormProjects\untitled\logHelper.js:9:31)
    at Module._compile (module.js:435:26)
    at Object.Module._extensions..js (module.js:442:10)
    at Module.load (module.js:356:32)
    at Function.Module._load (module.js:311:12)
    at Module.require (module.js:366:17)
    at require (module.js:385:17)
fs.js:549
  return binding.open(pathModule._makeLong(path), stringToFlags(flags), mode);
                                                  ^

Error: ENOENT: no such file or directory, open 'C:\Windows\system32\log4js.json'
    at Error (native)
    at Object.fs.openSync (fs.js:549:18)
    at Object.fs.readFileSync (fs.js:397:15)
    at Object.<anonymous> (E:\WebstormProjects\untitled\logHelper.js:9:31)
    at Module._compile (module.js:435:26)
    at Object.Module._extensions..js (module.js:442:10)
    at Module.load (module.js:356:32)
    at Function.Module._load (module.js:311:12)
    at Module.require (module.js:366:17)
    at require (module.js:385:17)
fs.js:549
  return binding.open(pathModule._makeLong(path), stringToFlags(flags), mode);
                                                  ^

Error: ENOENT: no such file or directory, open 'C:\Windows\system32\log4js.json'
    at Error (native)
    at Object.fs.openSync (fs.js:549:18)
    at Object.fs.readFileSync (fs.js:397:15)
    at Object.<anonymous> (E:\WebstormProjects\untitled\logHelper.js:9:31)
    at Module._compile (module.js:435:26)
    at Object.Module._extensions..js (module.js:442:10)
    at Module.load (module.js:356:32)
    at Function.Module._load (module.js:311:12)
    at Module.require (module.js:366:17)
    at require (module.js:385:17)
fs.js:549
  return binding.open(pathModule._makeLong(path), stringToFlags(flags), mode);
                                                  ^

Error: ENOENT: no such file or directory, open 'C:\Windows\system32\log4js.json'
    at Error (native)
    at Object.fs.openSync (fs.js:549:18)
    at Object.fs.readFileSync (fs.js:397:15)
    at Object.<anonymous> (E:\WebstormProjects\untitled\logHelper.js:9:31)
    at Module._compile (module.js:435:26)
    at Object.Module._extensions..js (module.js:442:10)
    at Module.load (module.js:356:32)
    at Function.Module._load (module.js:311:12)
    at Module.require (module.js:366:17)
    at require (module.js:385:17)
fs.js:549
  return binding.open(pathModule._makeLong(path), stringToFlags(flags), mode);
                                                  ^

Error: ENOENT: no such file or directory, open 'C:\Windows\system32\log4js.json'
    at Error (native)
    at Object.fs.openSync (fs.js:549:18)
    at Object.fs.readFileSync (fs.js:397:15)
    at Object.<anonymous> (E:\WebstormProjects\untitled\logHelper.js:9:31)
    at Module._compile (module.js:435:26)
    at Object.Module._extensions..js (module.js:442:10)
    at Module.load (module.js:356:32)
    at Function.Module._load (module.js:311:12)
    at Module.require (module.js:366:17)
    at require (module.js:385:17)
fs.js:549
  return binding.open(pathModule._makeLong(path), stringToFlags(flags), mode);
                                                  ^

Error: ENOENT: no such file or directory, open 'C:\Windows\system32\log4js.json'
    at Error (native)
    at Object.fs.openSync (fs.js:549:18)
    at Object.fs.readFileSync (fs.js:397:15)
    at Object.<anonymous> (E:\WebstormProjects\untitled\logHelper.js:9:31)
    at Module._compile (module.js:435:26)
    at Object.Module._extensions..js (module.js:442:10)
    at Module.load (module.js:356:32)
    at Function.Module._load (module.js:311:12)
    at Module.require (module.js:366:17)
    at require (module.js:385:17)
fs.js:549
  return binding.open(pathModule._makeLong(path), stringToFlags(flags), mode);
                                                  ^

Error: ENOENT: no such file or directory, open 'C:\Windows\system32\log4js.json'
    at Error (native)
    at Object.fs.openSync (fs.js:549:18)
    at Object.fs.readFileSync (fs.js:397:15)
    at Object.<anonymous> (E:\WebstormProjects\untitled\logHelper.js:9:31)
    at Module._compile (module.js:435:26)
    at Object.Module._extensions..js (module.js:442:10)
    at Module.load (module.js:356:32)
    at Function.Module._load (module.js:311:12)
    at Module.require (module.js:366:17)
    at require (module.js:385:17)
fs.js:549
  return binding.open(pathModule._makeLong(path), stringToFlags(flags), mode);
                                                  ^

Error: ENOENT: no such file or directory, open 'C:\Windows\system32\log4js.json'
    at Error (native)
    at Object.fs.openSync (fs.js:549:18)
    at Object.fs.readFileSync (fs.js:397:15)
    at Object.<anonymous> (E:\WebstormProjects\untitled\logHelper.js:9:31)
    at Module._compile (module.js:435:26)
    at Object.Module._extensions..js (module.js:442:10)
    at Module.load (module.js:356:32)
    at Function.Module._load (module.js:311:12)
    at Module.require (module.js:366:17)
    at require (module.js:385:17)
